\BOOKMARK [0][-]{chapter.1}{Introduction}{}% 1
\BOOKMARK [1][-]{section.1.1}{Context}{chapter.1}% 2
\BOOKMARK [1][-]{section.1.2}{Problem/Motivation}{chapter.1}% 3
\BOOKMARK [1][-]{section.1.3}{Objectives}{chapter.1}% 4
\BOOKMARK [1][-]{section.1.4}{Research work flow}{chapter.1}% 5
\BOOKMARK [0][-]{chapter.2}{Literature review}{}% 6
\BOOKMARK [1][-]{section.2.1}{Background}{chapter.2}% 7
\BOOKMARK [1][-]{section.2.2}{Key related research}{chapter.2}% 8
\BOOKMARK [1][-]{section.2.3}{Analysis}{chapter.2}% 9
\BOOKMARK [1][-]{section.2.4}{Research gaps}{chapter.2}% 10
\BOOKMARK [1][-]{section.2.5}{Problem formulation}{chapter.2}% 11
\BOOKMARK [1][-]{section.2.6}{Conclusion}{chapter.2}% 12
\BOOKMARK [0][-]{chapter.3}{Methodology}{}% 13
\BOOKMARK [1][-]{section.3.1}{Proposed hypothesis}{chapter.3}% 14
\BOOKMARK [1][-]{section.3.2}{Mechanism/Algorithm}{chapter.3}% 15
\BOOKMARK [1][-]{section.3.3}{Analytical validation}{chapter.3}% 16
\BOOKMARK [1][-]{section.3.4}{Conclusion}{chapter.3}% 17
\BOOKMARK [0][-]{chapter.4}{Experiments and results}{}% 18
\BOOKMARK [1][-]{section.4.1}{Experiment design}{chapter.4}% 19
\BOOKMARK [2][-]{subsection.4.1.1}{Experiment 1}{section.4.1}% 20
\BOOKMARK [2][-]{subsection.4.1.2}{Experiment 2}{section.4.1}% 21
\BOOKMARK [2][-]{subsection.4.1.3}{Experiment 3}{section.4.1}% 22
\BOOKMARK [1][-]{section.4.2}{Overall conclusion}{chapter.4}% 23
\BOOKMARK [0][-]{chapter.5}{Discussions and conclusion}{}% 24
\BOOKMARK [1][-]{section.5.1}{Contributions}{chapter.5}% 25
\BOOKMARK [1][-]{section.5.2}{Limitations}{chapter.5}% 26
\BOOKMARK [1][-]{section.5.3}{Future scope}{chapter.5}% 27
\BOOKMARK [0][-]{appendix.A}{Weird Exam Answers}{}% 28
\BOOKMARK [0][-]{appendix.B}{Ode to Spot}{}% 29
